<?xml version="1.0" encoding="UTF-8"?>
<testng-results ignored="0" total="1" passed="1" failed="0" skipped="0">
  <reporter-output>
  </reporter-output>
  <suite started-at="2021-07-04T12:41:58Z" name="Suite" finished-at="2021-07-04T12:42:16Z" duration-ms="18066">
    <groups>
    </groups>
    <test started-at="2021-07-04T12:41:58Z" name="Test" finished-at="2021-07-04T12:42:16Z" duration-ms="18066">
      <class name="com.learnautomaton.testcases.LoginTest">
        <test-method is-config="true" signature="setUpSuite()[pri:0, instance:com.learnautomaton.testcases.LoginTest@1af2d44a]" started-at="2021-07-04T18:11:57Z" name="setUpSuite" finished-at="2021-07-04T18:11:58Z" duration-ms="1078" status="PASS">
          <reporter-output>
          </reporter-output>
        </test-method> <!-- setUpSuite -->
        <test-method is-config="true" signature="setUp()[pri:0, instance:com.learnautomaton.testcases.LoginTest@1af2d44a]" started-at="2021-07-04T18:11:58Z" name="setUp" finished-at="2021-07-04T18:12:08Z" duration-ms="10151" status="PASS">
          <reporter-output>
          </reporter-output>
        </test-method> <!-- setUp -->
        <test-method signature="loginApp()[pri:0, instance:com.learnautomaton.testcases.LoginTest@1af2d44a]" started-at="2021-07-04T18:12:08Z" name="loginApp" finished-at="2021-07-04T18:12:13Z" duration-ms="4857" status="PASS">
          <reporter-output>
          </reporter-output>
        </test-method> <!-- loginApp -->
        <test-method is-config="true" signature="tearDownMethod(org.testng.ITestResult)[pri:0, instance:com.learnautomaton.testcases.LoginTest@1af2d44a]" started-at="2021-07-04T18:12:13Z" name="tearDownMethod" finished-at="2021-07-04T18:12:15Z" duration-ms="2448" status="PASS">
          <params>
            <param index="0">
              <value>
                <![CDATA[[TestResult name=loginApp status=SUCCESS method=LoginTest.loginApp()[pri:0, instance:com.learnautomaton.testcases.LoginTest@1af2d44a] output={null}]]]>
              </value>
            </param>
          </params>
          <reporter-output>
          </reporter-output>
        </test-method> <!-- tearDownMethod -->
        <test-method is-config="true" signature="tearDown()[pri:0, instance:com.learnautomaton.testcases.LoginTest@1af2d44a]" started-at="2021-07-04T18:12:15Z" name="tearDown" finished-at="2021-07-04T18:12:16Z" duration-ms="573" status="PASS">
          <reporter-output>
          </reporter-output>
        </test-method> <!-- tearDown -->
      </class> <!-- com.learnautomaton.testcases.LoginTest -->
    </test> <!-- Test -->
  </suite> <!-- Suite -->
</testng-results>
